<?xml version="1.0" encoding="UTF-8"?>
<coverage generated="1776440425482" clover="3.2.0">
  <project timestamp="1776440425483" name="All files">
    <metrics statements="6" coveredstatements="6" conditionals="4" coveredconditionals="4" methods="3" coveredmethods="3" elements="13" coveredelements="13" complexity="0" loc="6" ncloc="6" packages="1" files="1" classes="1"/>
    <file name="math.js" path="C:\Users\pc\OneDrive\Bureau\GL s6\tp_cicd\tp-cicd-actions\src\math.js">
      <metrics statements="6" coveredstatements="6" conditionals="4" coveredconditionals="4" methods="3" coveredmethods="3"/>
      <line num="3" count="2" type="stmt"/>
      <line num="6" count="2" type="stmt"/>
      <line num="9" count="7" type="cond" truecount="2" falsecount="0"/>
      <line num="10" count="6" type="cond" truecount="2" falsecount="0"/>
      <line num="11" count="4" type="stmt"/>
      <line num="13" count="1" type="stmt"/>
    </file>
  </project>
</coverage>
