{"C:\\Users\\pc\\OneDrive\\Bureau\\GL s6\\tp_cicd\\tp-cicd-actions\\src\\math.js": {"path":"C:\\Users\\pc\\OneDrive\\Bureau\\GL s6\\tp_cicd\\tp-cicd-actions\\src\\math.js","statementMap":{"0":{"start":{"line":3,"column":0},"end":{"line":3,"column":13}},"1":{"start":{"line":6,"column":0},"end":{"line":6,"column":13}},"2":{"start":{"line":9,"column":0},"end":{"line":9,"column":45}},"3":{"start":{"line":9,"column":11},"end":{"line":9,"column":45}},"4":{"start":{"line":10,"column":0},"end":{"line":10,"column":21}},"5":{"start":{"line":10,"column":12},"end":{"line":10,"column":21}},"6":{"start":{"line":11,"column":0},"end":{"line":11,"column":28}},"7":{"start":{"line":13,"column":0},"end":{"line":13,"column":46}}},"fnMap":{"0":{"name":"add","decl":{"start":{"line":2,"column":9},"end":{"line":2,"column":12}},"loc":{"start":{"line":2,"column":19},"end":{"line":4,"column":1}},"line":2},"1":{"name":"multiply","decl":{"start":{"line":5,"column":9},"end":{"line":5,"column":17}},"loc":{"start":{"line":5,"column":24},"end":{"line":7,"column":1}},"line":5},"2":{"name":"factorial","decl":{"start":{"line":8,"column":9},"end":{"line":8,"column":18}},"loc":{"start":{"line":8,"column":22},"end":{"line":12,"column":1}},"line":8}},"branchMap":{"0":{"loc":{"start":{"line":9,"column":0},"end":{"line":9,"column":45}},"type":"if","locations":[{"start":{"line":9,"column":0},"end":{"line":9,"column":45}},{"start":{},"end":{}}],"line":9},"1":{"loc":{"start":{"line":10,"column":0},"end":{"line":10,"column":21}},"type":"if","locations":[{"start":{"line":10,"column":0},"end":{"line":10,"column":21}},{"start":{},"end":{}}],"line":10}},"s":{"0":2,"1":2,"2":7,"3":1,"4":6,"5":2,"6":4,"7":1},"f":{"0":2,"1":2,"2":7},"b":{"0":[1,6],"1":[2,4]},"_coverageSchema":"1a1c01bbd47fc00a2c39e90264f33305004495a9","hash":"ff85cf85b48e8d933915c08b60c1844e6ce5aec3"}
}
